<?xml version="1.0" encoding="UTF-8"?>
<!-- Generated by org.testng.reporters.JUnitReportReporter -->
<testsuite hostname="DESKTOP-TTAVK1I" failures="0" tests="12" name="com.bankingproject.testcases.BankManagerTestCases" time="20.411" errors="0" timestamp="2024-11-08T11:22:03 IST" skipped="0">
  <testcase classname="com.bankingproject.testcases.BankManagerTestCases" name="addCustomers" time="1.525"/>
  <testcase classname="com.bankingproject.testcases.BankManagerTestCases" name="addCustomers" time="1.408"/>
  <testcase classname="com.bankingproject.testcases.BankManagerTestCases" name="validateAddCustomerURL" time="0.854"/>
  <testcase classname="com.bankingproject.testcases.BankManagerTestCases" name="deleteCustomer" time="1.725"/>
  <testcase classname="com.bankingproject.testcases.BankManagerTestCases" name="addCustomerFeildsDisplayed" time="0.155"/>
  <testcase classname="com.bankingproject.testcases.BankManagerTestCases" name="openAccount" time="1.968"/>
  <testcase classname="com.bankingproject.testcases.BankManagerTestCases" name="deleteCustomer" time="1.720"/>
  <testcase classname="com.bankingproject.testcases.BankManagerTestCases" name="addCustomers" time="1.511"/>
  <testcase classname="com.bankingproject.testcases.BankManagerTestCases" name="openAccount" time="1.922"/>
  <testcase classname="com.bankingproject.testcases.BankManagerTestCases" name="deleteCustomer" time="1.703"/>
  <testcase classname="com.bankingproject.testcases.BankManagerTestCases" name="openAccount" time="1.685"/>
  <testcase classname="com.bankingproject.testcases.BankManagerTestCases" name="addSingleCustomer" time="4.235"/>
</testsuite> <!-- com.bankingproject.testcases.BankManagerTestCases -->
