<?xml version="1.0" encoding="UTF-8"?>
<!-- Generated by org.testng.reporters.JUnitReportReporter -->
<testsuite hostname="DESKTOP-TTAVK1I" failures="0" tests="4" name="com.bankingproject.testcases.HomePageTestCases" time="4.596" errors="0" timestamp="2024-11-08T11:22:03 IST" skipped="0">
  <testcase classname="com.bankingproject.testcases.HomePageTestCases" name="checkBankMangerButtonFunctionality" time="2.732"/>
  <testcase classname="com.bankingproject.testcases.HomePageTestCases" name="validateURL" time="0.028"/>
  <testcase classname="com.bankingproject.testcases.HomePageTestCases" name="checkHomeButtonFunctionality" time="0.611"/>
  <testcase classname="com.bankingproject.testcases.HomePageTestCases" name="checkCustomerButtonFunctionality" time="1.225"/>
</testsuite> <!-- com.bankingproject.testcases.HomePageTestCases -->
